# JRE version: Java(TM) SE Runtime Environment (22.0.2+9) (build 22.0.2+9-70)
# Java VM: Java HotSpot(TM) 64-Bit Server VM (22.0.2+9-70, mixed mode, sharing, tiered, compressed oops, compressed class ptrs, g1 gc, windows-amd64)
GC Precious Log:
 CardTable entry size: 512
 Card Set container configuration: InlinePtr #cards 4 size 8 Array Of Cards #cards 32 size 80 Howl #buckets 8 coarsen threshold 7372 Howl Bitmap #cards 1024 size 144 coarsen threshold 921 Card regions per heap region 1 cards per card region 8192
 CPUs: 12 total, 12 available
 Memory: 15613M
 Large Page Support: Disabled
 NUMA Support: Disabled
 Compressed Oops: Enabled (Zero based)
 Heap Region Size: 4M
 Heap Min Capacity: 8M
 Heap Initial Capacity: 244M
 Heap Max Capacity: 8G
 Pre-touch: Disabled
 Parallel Workers: 10
 Concurrent Workers: 3
 Concurrent Refinement Workers: 10
 Periodic GC: Disabled
Heap:
 garbage-first heap   total reserved 8388608K, committed 221184K, used 148070K [0x0000000600000000, 0x0000000800000000)
  region size 4096K, 9 young (36864K), 3 survivors (12288K)
 Metaspace       used 100172K, committed 102592K, reserved 1179648K
  class space    used 14336K, committed 15488K, reserved 1048576K
GC Heap History (20 events):
Event: 31.836 GC heap before
{Heap before GC invocations=25 (full 0):
 garbage-first heap   total reserved 8388608K, committed 167936K, used 140555K [0x0000000600000000, 0x0000000800000000)
  region size 4096K, 17 young (69632K), 3 survivors (12288K)
 Metaspace       used 80597K, committed 82880K, reserved 1179648K
  class space    used 11772K, committed 12864K, reserved 1048576K
}
Event: 31.844 GC heap after
{Heap after GC invocations=26 (full 0):
 garbage-first heap   total reserved 8388608K, committed 167936K, used 89420K [0x0000000600000000, 0x0000000800000000)
  region size 4096K, 3 young (12288K), 3 survivors (12288K)
 Metaspace       used 80597K, committed 82880K, reserved 1179648K
  class space    used 11772K, committed 12864K, reserved 1048576K
}
Event: 32.055 GC heap before
{Heap before GC invocations=26 (full 0):
 garbage-first heap   total reserved 8388608K, committed 167936K, used 138572K [0x0000000600000000, 0x0000000800000000)
  region size 4096K, 16 young (65536K), 3 survivors (12288K)
 Metaspace       used 80805K, committed 83072K, reserved 1179648K
  class space    used 11775K, committed 12864K, reserved 1048576K
}
Event: 32.062 GC heap after
{Heap after GC invocations=27 (full 0):
 garbage-first heap   total reserved 8388608K, committed 167936K, used 92829K [0x0000000600000000, 0x0000000800000000)
  region size 4096K, 2 young (8192K), 2 survivors (8192K)
 Metaspace       used 80805K, committed 83072K, reserved 1179648K
  class space    used 11775K, committed 12864K, reserved 1048576K
}
Event: 32.265 GC heap before
{Heap before GC invocations=28 (full 0):
 garbage-first heap   total reserved 8388608K, committed 167936K, used 137885K [0x0000000600000000, 0x0000000800000000)
  region size 4096K, 14 young (57344K), 2 survivors (8192K)
 Metaspace       used 80846K, committed 83136K, reserved 1179648K
  class space    used 11775K, committed 12864K, reserved 1048576K
}
Event: 32.269 GC heap after
{Heap after GC invocations=29 (full 0):
 garbage-first heap   total reserved 8388608K, committed 167936K, used 93932K [0x0000000600000000, 0x0000000800000000)
  region size 4096K, 2 young (8192K), 2 survivors (8192K)
 Metaspace       used 80846K, committed 83136K, reserved 1179648K
  class space    used 11775K, committed 12864K, reserved 1048576K
}
Event: 32.551 GC heap before
{Heap before GC invocations=29 (full 0):
 garbage-first heap   total reserved 8388608K, committed 167936K, used 143084K [0x0000000600000000, 0x0000000800000000)
  region size 4096K, 14 young (57344K), 2 survivors (8192K)
 Metaspace       used 80965K, committed 83328K, reserved 1179648K
  class space    used 11795K, committed 12928K, reserved 1048576K
}
Event: 32.556 GC heap after
{Heap after GC invocations=30 (full 0):
 garbage-first heap   total reserved 8388608K, committed 167936K, used 93827K [0x0000000600000000, 0x0000000800000000)
  region size 4096K, 2 young (8192K), 2 survivors (8192K)
 Metaspace       used 80965K, committed 83328K, reserved 1179648K
  class space    used 11795K, committed 12928K, reserved 1048576K
}
Event: 33.098 GC heap before
{Heap before GC invocations=30 (full 0):
 garbage-first heap   total reserved 8388608K, committed 167936K, used 138883K [0x0000000600000000, 0x0000000800000000)
  region size 4096K, 14 young (57344K), 2 survivors (8192K)
 Metaspace       used 82416K, committed 84736K, reserved 1179648K
  class space    used 11953K, committed 13056K, reserved 1048576K
}
Event: 33.104 GC heap after
{Heap after GC invocations=31 (full 0):
 garbage-first heap   total reserved 8388608K, committed 167936K, used 110227K [0x0000000600000000, 0x0000000800000000)
  region size 4096K, 2 young (8192K), 2 survivors (8192K)
 Metaspace       used 82416K, committed 84736K, reserved 1179648K
  class space    used 11953K, committed 13056K, reserved 1048576K
}
Event: 33.559 GC heap before
{Heap before GC invocations=32 (full 0):
 garbage-first heap   total reserved 8388608K, committed 184320K, used 142995K [0x0000000600000000, 0x0000000800000000)
  region size 4096K, 11 young (45056K), 2 survivors (8192K)
 Metaspace       used 85672K, committed 88000K, reserved 1179648K
  class space    used 12328K, committed 13440K, reserved 1048576K
}
Event: 33.562 GC heap after
{Heap after GC invocations=33 (full 0):
 garbage-first heap   total reserved 8388608K, committed 184320K, used 112195K [0x0000000600000000, 0x0000000800000000)
  region size 4096K, 1 young (4096K), 1 survivors (4096K)
 Metaspace       used 85672K, committed 88000K, reserved 1179648K
  class space    used 12328K, committed 13440K, reserved 1048576K
}
Event: 33.919 GC heap before
{Heap before GC invocations=33 (full 0):
 garbage-first heap   total reserved 8388608K, committed 184320K, used 157251K [0x0000000600000000, 0x0000000800000000)
  region size 4096K, 12 young (49152K), 1 survivors (4096K)
 Metaspace       used 87682K, committed 90048K, reserved 1179648K
  class space    used 12593K, committed 13696K, reserved 1048576K
}
Event: 33.924 GC heap after
{Heap after GC invocations=34 (full 0):
 garbage-first heap   total reserved 8388608K, committed 184320K, used 116423K [0x0000000600000000, 0x0000000800000000)
  region size 4096K, 2 young (8192K), 2 survivors (8192K)
 Metaspace       used 87682K, committed 90048K, reserved 1179648K
  class space    used 12593K, committed 13696K, reserved 1048576K
}
Event: 34.444 GC heap before
{Heap before GC invocations=34 (full 0):
 garbage-first heap   total reserved 8388608K, committed 184320K, used 161479K [0x0000000600000000, 0x0000000800000000)
  region size 4096K, 13 young (53248K), 2 survivors (8192K)
 Metaspace       used 90726K, committed 93056K, reserved 1179648K
  class space    used 13007K, committed 14144K, reserved 1048576K
}
Event: 34.647 GC heap after
{Heap after GC invocations=35 (full 0):
 garbage-first heap   total reserved 8388608K, committed 221184K, used 118878K [0x0000000600000000, 0x0000000800000000)
  region size 4096K, 1 young (4096K), 1 survivors (4096K)
 Metaspace       used 90726K, committed 93056K, reserved 1179648K
  class space    used 13007K, committed 14144K, reserved 1048576K
}
Event: 36.574 GC heap before
{Heap before GC invocations=35 (full 0):
 garbage-first heap   total reserved 8388608K, committed 221184K, used 188510K [0x0000000600000000, 0x0000000800000000)
  region size 4096K, 18 young (73728K), 1 survivors (4096K)
 Metaspace       used 95861K, committed 98240K, reserved 1179648K
  class space    used 13717K, committed 14848K, reserved 1048576K
}
Event: 36.577 GC heap after
{Heap after GC invocations=36 (full 0):
 garbage-first heap   total reserved 8388608K, committed 221184K, used 121348K [0x0000000600000000, 0x0000000800000000)
  region size 4096K, 2 young (8192K), 2 survivors (8192K)
 Metaspace       used 95861K, committed 98240K, reserved 1179648K
  class space    used 13717K, committed 14848K, reserved 1048576K
}
Event: 37.424 GC heap before
{Heap before GC invocations=36 (full 0):
 garbage-first heap   total reserved 8388608K, committed 221184K, used 190980K [0x0000000600000000, 0x0000000800000000)
  region size 4096K, 19 young (77824K), 2 survivors (8192K)
 Metaspace       used 98775K, committed 101248K, reserved 1179648K
  class space    used 14130K, committed 15296K, reserved 1048576K
}
Event: 37.429 GC heap after
{Heap after GC invocations=37 (full 0):
 garbage-first heap   total reserved 8388608K, committed 221184K, used 127590K [0x0000000600000000, 0x0000000800000000)
  region size 4096K, 3 young (12288K), 3 survivors (12288K)
 Metaspace       used 98775K, committed 101248K, reserved 1179648K
  class space    used 14130K, committed 15296K, reserved 1048576K
}

