# JRE version: Java(TM) SE Runtime Environment (22.0.2+9) (build 22.0.2+9-70)
# Java VM: Java HotSpot(TM) 64-Bit Server VM (22.0.2+9-70, mixed mode, sharing, tiered, compressed oops, compressed class ptrs, g1 gc, windows-amd64)
GC Precious Log:
 CardTable entry size: 512
 Card Set container configuration: InlinePtr #cards 4 size 8 Array Of Cards #cards 32 size 80 Howl #buckets 8 coarsen threshold 7372 Howl Bitmap #cards 1024 size 144 coarsen threshold 921 Card regions per heap region 1 cards per card region 8192
 CPUs: 12 total, 12 available
 Memory: 15613M
 Large Page Support: Disabled
 NUMA Support: Disabled
 Compressed Oops: Enabled (Zero based)
 Heap Region Size: 4M
 Heap Min Capacity: 8M
 Heap Initial Capacity: 244M
 Heap Max Capacity: 8G
 Pre-touch: Disabled
 Parallel Workers: 10
 Concurrent Workers: 3
 Concurrent Refinement Workers: 10
 Periodic GC: Disabled
Heap:
 garbage-first heap   total reserved 8388608K, committed 393216K, used 226823K [0x0000000600000000, 0x0000000800000000)
  region size 4096K, 4 young (16384K), 3 survivors (12288K)
 Metaspace       used 120440K, committed 123200K, reserved 1179648K
  class space    used 17127K, committed 18432K, reserved 1048576K
GC Heap History (20 events):
Event: 23.428 GC heap before
{Heap before GC invocations=47 (full 0):
 garbage-first heap   total reserved 8388608K, committed 266240K, used 214094K [0x0000000600000000, 0x0000000800000000)
  region size 4096K, 16 young (65536K), 2 survivors (8192K)
 Metaspace       used 115904K, committed 118528K, reserved 1179648K
  class space    used 16607K, committed 17856K, reserved 1048576K
}
Event: 23.433 GC heap after
{Heap after GC invocations=48 (full 0):
 garbage-first heap   total reserved 8388608K, committed 266240K, used 161428K [0x0000000600000000, 0x0000000800000000)
  region size 4096K, 2 young (8192K), 2 survivors (8192K)
 Metaspace       used 115904K, committed 118528K, reserved 1179648K
  class space    used 16607K, committed 17856K, reserved 1048576K
}
Event: 23.568 GC heap before
{Heap before GC invocations=48 (full 0):
 garbage-first heap   total reserved 8388608K, committed 266240K, used 235156K [0x0000000600000000, 0x0000000800000000)
  region size 4096K, 21 young (86016K), 2 survivors (8192K)
 Metaspace       used 115910K, committed 118528K, reserved 1179648K
  class space    used 16608K, committed 17856K, reserved 1048576K
}
Event: 23.574 GC heap after
{Heap after GC invocations=49 (full 0):
 garbage-first heap   total reserved 8388608K, committed 319488K, used 160812K [0x0000000600000000, 0x0000000800000000)
  region size 4096K, 2 young (8192K), 2 survivors (8192K)
 Metaspace       used 115910K, committed 118528K, reserved 1179648K
  class space    used 16608K, committed 17856K, reserved 1048576K
}
Event: 24.070 GC heap before
{Heap before GC invocations=49 (full 0):
 garbage-first heap   total reserved 8388608K, committed 319488K, used 271404K [0x0000000600000000, 0x0000000800000000)
  region size 4096K, 30 young (122880K), 2 survivors (8192K)
 Metaspace       used 117454K, committed 120064K, reserved 1179648K
  class space    used 16871K, committed 18112K, reserved 1048576K
}
Event: 24.075 GC heap after
{Heap after GC invocations=50 (full 0):
 garbage-first heap   total reserved 8388608K, committed 319488K, used 172033K [0x0000000600000000, 0x0000000800000000)
  region size 4096K, 4 young (16384K), 4 survivors (16384K)
 Metaspace       used 117454K, committed 120064K, reserved 1179648K
  class space    used 16871K, committed 18112K, reserved 1048576K
}
Event: 24.465 GC heap before
{Heap before GC invocations=50 (full 0):
 garbage-first heap   total reserved 8388608K, committed 319488K, used 274433K [0x0000000600000000, 0x0000000800000000)
  region size 4096K, 30 young (122880K), 4 survivors (16384K)
 Metaspace       used 118613K, committed 121280K, reserved 1179648K
  class space    used 17003K, committed 18304K, reserved 1048576K
}
Event: 24.471 GC heap after
{Heap after GC invocations=51 (full 0):
 garbage-first heap   total reserved 8388608K, committed 319488K, used 178795K [0x0000000600000000, 0x0000000800000000)
  region size 4096K, 3 young (12288K), 3 survivors (12288K)
 Metaspace       used 118613K, committed 121280K, reserved 1179648K
  class space    used 17003K, committed 18304K, reserved 1048576K
}
Event: 25.686 GC heap before
{Heap before GC invocations=51 (full 0):
 garbage-first heap   total reserved 8388608K, committed 319488K, used 277099K [0x0000000600000000, 0x0000000800000000)
  region size 4096K, 28 young (114688K), 3 survivors (12288K)
 Metaspace       used 119160K, committed 121920K, reserved 1179648K
  class space    used 17061K, committed 18368K, reserved 1048576K
}
Event: 25.693 GC heap after
{Heap after GC invocations=52 (full 0):
 garbage-first heap   total reserved 8388608K, committed 319488K, used 188935K [0x0000000600000000, 0x0000000800000000)
  region size 4096K, 3 young (12288K), 3 survivors (12288K)
 Metaspace       used 119160K, committed 121920K, reserved 1179648K
  class space    used 17061K, committed 18368K, reserved 1048576K
}
Event: 26.168 GC heap before
{Heap before GC invocations=53 (full 0):
 garbage-first heap   total reserved 8388608K, committed 323584K, used 283143K [0x0000000600000000, 0x0000000800000000)
  region size 4096K, 26 young (106496K), 3 survivors (12288K)
 Metaspace       used 119361K, committed 122112K, reserved 1179648K
  class space    used 17066K, committed 18368K, reserved 1048576K
}
Event: 26.175 GC heap after
{Heap after GC invocations=54 (full 0):
 garbage-first heap   total reserved 8388608K, committed 323584K, used 196617K [0x0000000600000000, 0x0000000800000000)
  region size 4096K, 3 young (12288K), 3 survivors (12288K)
 Metaspace       used 119361K, committed 122112K, reserved 1179648K
  class space    used 17066K, committed 18368K, reserved 1048576K
}
Event: 27.547 GC heap before
{Heap before GC invocations=54 (full 0):
 garbage-first heap   total reserved 8388608K, committed 323584K, used 286729K [0x0000000600000000, 0x0000000800000000)
  region size 4096K, 25 young (102400K), 3 survivors (12288K)
 Metaspace       used 119602K, committed 122304K, reserved 1179648K
  class space    used 17068K, committed 18368K, reserved 1048576K
}
Event: 27.560 GC heap after
{Heap after GC invocations=55 (full 0):
 garbage-first heap   total reserved 8388608K, committed 327680K, used 190043K [0x0000000600000000, 0x0000000800000000)
  region size 4096K, 4 young (16384K), 4 survivors (16384K)
 Metaspace       used 119602K, committed 122304K, reserved 1179648K
  class space    used 17068K, committed 18368K, reserved 1048576K
}
Event: 28.347 GC heap before
{Heap before GC invocations=55 (full 0):
 garbage-first heap   total reserved 8388608K, committed 327680K, used 292443K [0x0000000600000000, 0x0000000800000000)
  region size 4096K, 29 young (118784K), 4 survivors (16384K)
 Metaspace       used 119750K, committed 122496K, reserved 1179648K
  class space    used 17072K, committed 18368K, reserved 1048576K
}
Event: 28.354 GC heap after
{Heap after GC invocations=56 (full 0):
 garbage-first heap   total reserved 8388608K, committed 327680K, used 195790K [0x0000000600000000, 0x0000000800000000)
  region size 4096K, 4 young (16384K), 4 survivors (16384K)
 Metaspace       used 119750K, committed 122496K, reserved 1179648K
  class space    used 17072K, committed 18368K, reserved 1048576K
}
Event: 28.756 GC heap before
{Heap before GC invocations=56 (full 0):
 garbage-first heap   total reserved 8388608K, committed 327680K, used 289998K [0x0000000600000000, 0x0000000800000000)
  region size 4096K, 27 young (110592K), 4 survivors (16384K)
 Metaspace       used 119939K, committed 122688K, reserved 1179648K
  class space    used 17080K, committed 18368K, reserved 1048576K
}
Event: 28.763 GC heap after
{Heap after GC invocations=57 (full 0):
 garbage-first heap   total reserved 8388608K, committed 327680K, used 206241K [0x0000000600000000, 0x0000000800000000)
  region size 4096K, 4 young (16384K), 4 survivors (16384K)
 Metaspace       used 119939K, committed 122688K, reserved 1179648K
  class space    used 17080K, committed 18368K, reserved 1048576K
}
Event: 29.216 GC heap before
{Heap before GC invocations=57 (full 0):
 garbage-first heap   total reserved 8388608K, committed 327680K, used 288161K [0x0000000600000000, 0x0000000800000000)
  region size 4096K, 25 young (102400K), 4 survivors (16384K)
 Metaspace       used 120111K, committed 122880K, reserved 1179648K
  class space    used 17104K, committed 18432K, reserved 1048576K
}
Event: 29.225 GC heap after
{Heap after GC invocations=58 (full 0):
 garbage-first heap   total reserved 8388608K, committed 393216K, used 218165K [0x0000000600000000, 0x0000000800000000)
  region size 4096K, 4 young (16384K), 4 survivors (16384K)
 Metaspace       used 120111K, committed 122880K, reserved 1179648K
  class space    used 17104K, committed 18432K, reserved 1048576K
}

