# JRE version: OpenJDK Runtime Environment Temurin-21.0.10+7 (21.0.10+7) (build 21.0.10+7-LTS)
# Java VM: OpenJDK 64-Bit Server VM Temurin-21.0.10+7 (21.0.10+7-LTS, mixed mode, sharing, tiered, compressed oops, compressed class ptrs, g1 gc, windows-amd64)
GC Precious Log:
 CardTable entry size: 512
 Card Set container configuration: InlinePtr #cards 4 size 8 Array Of Cards #cards 32 size 80 Howl #buckets 8 coarsen threshold 7372 Howl Bitmap #cards 1024 size 144 coarsen threshold 921 Card regions per heap region 1 cards per card region 8192
 CPUs: 12 total, 12 available
 Memory: 15613M
 Large Page Support: Disabled
 NUMA Support: Disabled
 Compressed Oops: Enabled (Zero based)
 Heap Region Size: 4M
 Heap Min Capacity: 8M
 Heap Initial Capacity: 244M
 Heap Max Capacity: 8G
 Pre-touch: Disabled
 Parallel Workers: 10
 Concurrent Workers: 3
 Concurrent Refinement Workers: 10
 Periodic GC: Disabled
Heap:
 garbage-first heap   total 368640K, used 251678K [0x0000000600000000, 0x0000000800000000)
  region size 4096K, 14 young (57344K), 4 survivors (16384K)
 Metaspace       used 124327K, committed 127104K, reserved 1179648K
  class space    used 17440K, committed 18816K, reserved 1048576K
GC Heap History (20 events):
Event: 76.583 GC heap before
{Heap before GC invocations=48 (full 0):
 garbage-first heap   total 274432K, used 239800K [0x0000000600000000, 0x0000000800000000)
  region size 4096K, 20 young (81920K), 3 survivors (12288K)
 Metaspace       used 111358K, committed 114048K, reserved 1179648K
  class space    used 15858K, committed 17152K, reserved 1048576K
}
Event: 76.594 GC heap after
{Heap after GC invocations=49 (full 0):
 garbage-first heap   total 274432K, used 178789K [0x0000000600000000, 0x0000000800000000)
  region size 4096K, 2 young (8192K), 2 survivors (8192K)
 Metaspace       used 111358K, committed 114048K, reserved 1179648K
  class space    used 15858K, committed 17152K, reserved 1048576K
}
Event: 77.442 GC heap before
{Heap before GC invocations=49 (full 0):
 garbage-first heap   total 274432K, used 240229K [0x0000000600000000, 0x0000000800000000)
  region size 4096K, 18 young (73728K), 2 survivors (8192K)
 Metaspace       used 114268K, committed 116864K, reserved 1179648K
  class space    used 16245K, committed 17536K, reserved 1048576K
}
Event: 77.447 GC heap after
{Heap after GC invocations=50 (full 0):
 garbage-first heap   total 274432K, used 185306K [0x0000000600000000, 0x0000000800000000)
  region size 4096K, 3 young (12288K), 3 survivors (12288K)
 Metaspace       used 114268K, committed 116864K, reserved 1179648K
  class space    used 16245K, committed 17536K, reserved 1048576K
}
Event: 78.059 GC heap before
{Heap before GC invocations=51 (full 0):
 garbage-first heap   total 315392K, used 246746K [0x0000000600000000, 0x0000000800000000)
  region size 4096K, 18 young (73728K), 3 survivors (12288K)
 Metaspace       used 117291K, committed 119872K, reserved 1179648K
  class space    used 16665K, committed 17920K, reserved 1048576K
}
Event: 78.069 GC heap after
{Heap after GC invocations=52 (full 0):
 garbage-first heap   total 315392K, used 190835K [0x0000000600000000, 0x0000000800000000)
  region size 4096K, 3 young (12288K), 3 survivors (12288K)
 Metaspace       used 117291K, committed 119872K, reserved 1179648K
  class space    used 16665K, committed 17920K, reserved 1048576K
}
Event: 79.177 GC heap before
{Heap before GC invocations=52 (full 0):
 garbage-first heap   total 315392K, used 285043K [0x0000000600000000, 0x0000000800000000)
  region size 4096K, 26 young (106496K), 3 survivors (12288K)
 Metaspace       used 120890K, committed 123520K, reserved 1179648K
  class space    used 17116K, committed 18368K, reserved 1048576K
}
Event: 79.197 GC heap after
{Heap after GC invocations=53 (full 0):
 garbage-first heap   total 323584K, used 207042K [0x0000000600000000, 0x0000000800000000)
  region size 4096K, 4 young (16384K), 4 survivors (16384K)
 Metaspace       used 120890K, committed 123520K, reserved 1179648K
  class space    used 17116K, committed 18368K, reserved 1048576K
}
Event: 1744.649 GC heap before
{Heap before GC invocations=53 (full 0):
 garbage-first heap   total 323584K, used 284866K [0x0000000600000000, 0x0000000800000000)
  region size 4096K, 23 young (94208K), 4 survivors (16384K)
 Metaspace       used 122203K, committed 124928K, reserved 1179648K
  class space    used 17280K, committed 18624K, reserved 1048576K
}
Event: 1744.662 GC heap after
{Heap after GC invocations=54 (full 0):
 garbage-first heap   total 323584K, used 211572K [0x0000000600000000, 0x0000000800000000)
  region size 4096K, 1 young (4096K), 1 survivors (4096K)
 Metaspace       used 122203K, committed 124928K, reserved 1179648K
  class space    used 17280K, committed 18624K, reserved 1048576K
}
Event: 1824.814 GC heap before
{Heap before GC invocations=55 (full 0):
 garbage-first heap   total 356352K, used 289396K [0x0000000600000000, 0x0000000800000000)
  region size 4096K, 21 young (86016K), 1 survivors (4096K)
 Metaspace       used 122522K, committed 125248K, reserved 1179648K
  class space    used 17290K, committed 18624K, reserved 1048576K
}
Event: 1824.819 GC heap after
{Heap after GC invocations=56 (full 0):
 garbage-first heap   total 356352K, used 216790K [0x0000000600000000, 0x0000000800000000)
  region size 4096K, 2 young (8192K), 2 survivors (8192K)
 Metaspace       used 122522K, committed 125248K, reserved 1179648K
  class space    used 17290K, committed 18624K, reserved 1048576K
}
Event: 1825.712 GC heap before
{Heap before GC invocations=56 (full 0):
 garbage-first heap   total 356352K, used 327382K [0x0000000600000000, 0x0000000800000000)
  region size 4096K, 29 young (118784K), 2 survivors (8192K)
 Metaspace       used 123192K, committed 125952K, reserved 1179648K
  class space    used 17368K, committed 18752K, reserved 1048576K
}
Event: 1825.717 GC heap after
{Heap after GC invocations=57 (full 0):
 garbage-first heap   total 356352K, used 212090K [0x0000000600000000, 0x0000000800000000)
  region size 4096K, 2 young (8192K), 2 survivors (8192K)
 Metaspace       used 123192K, committed 125952K, reserved 1179648K
  class space    used 17368K, committed 18752K, reserved 1048576K
}
Event: 1826.356 GC heap before
{Heap before GC invocations=57 (full 0):
 garbage-first heap   total 356352K, used 326778K [0x0000000600000000, 0x0000000800000000)
  region size 4096K, 30 young (122880K), 2 survivors (8192K)
 Metaspace       used 123409K, committed 126144K, reserved 1179648K
  class space    used 17378K, committed 18752K, reserved 1048576K
}
Event: 1826.361 GC heap after
{Heap after GC invocations=58 (full 0):
 garbage-first heap   total 356352K, used 217468K [0x0000000600000000, 0x0000000800000000)
  region size 4096K, 3 young (12288K), 3 survivors (12288K)
 Metaspace       used 123409K, committed 126144K, reserved 1179648K
  class space    used 17378K, committed 18752K, reserved 1048576K
}
Event: 2388.703 GC heap before
{Heap before GC invocations=59 (full 0):
 garbage-first heap   total 368640K, used 328060K [0x0000000600000000, 0x0000000800000000)
  region size 4096K, 30 young (122880K), 3 survivors (12288K)
 Metaspace       used 123748K, committed 126528K, reserved 1179648K
  class space    used 17391K, committed 18752K, reserved 1048576K
}
Event: 2388.710 GC heap after
{Heap after GC invocations=60 (full 0):
 garbage-first heap   total 368640K, used 212964K [0x0000000600000000, 0x0000000800000000)
  region size 4096K, 2 young (8192K), 2 survivors (8192K)
 Metaspace       used 123748K, committed 126528K, reserved 1179648K
  class space    used 17391K, committed 18752K, reserved 1048576K
}
Event: 2424.353 GC heap before
{Heap before GC invocations=60 (full 0):
 garbage-first heap   total 368640K, used 335844K [0x0000000600000000, 0x0000000800000000)
  region size 4096K, 33 young (135168K), 2 survivors (8192K)
 Metaspace       used 124270K, committed 127040K, reserved 1179648K
  class space    used 17435K, committed 18816K, reserved 1048576K
}
Event: 2424.368 GC heap after
{Heap after GC invocations=61 (full 0):
 garbage-first heap   total 368640K, used 218910K [0x0000000600000000, 0x0000000800000000)
  region size 4096K, 4 young (16384K), 4 survivors (16384K)
 Metaspace       used 124270K, committed 127040K, reserved 1179648K
  class space    used 17435K, committed 18816K, reserved 1048576K
}

